http://cms.launcher.cmcm.com/resources/upload/1/211806623_86943/single_wallpaper_background.jpg     ok 
http://cms.launcher.cmcm.com/resources/upload/1/211806623_86943/bbm.png     ok 
http://cms.launcher.cmcm.com/resources/upload/1/211806623_86943/browser.png     ok 
http://cms.launcher.cmcm.com/resources/upload/1/211806623_86943/camera.png     ok 
http://cms.launcher.cmcm.com/resources/upload/1/211806623_86943/calendar.png     ok 
http://cms.launcher.cmcm.com/resources/upload/1/211806623_86943/calculator.png     ok 
http://cms.launcher.cmcm.com/resources/upload/1/211806623_86943/contact.png     ok 
http://cms.launcher.cmcm.com/resources/upload/1/211806623_86943/chrome.png     ok 
http://cms.launcher.cmcm.com/resources/upload/1/211806623_86943/email.png     ok 
http://cms.launcher.cmcm.com/resources/upload/1/211806623_86943/download.png     ok 
http://cms.launcher.cmcm.com/resources/upload/1/211806623_86943/clock.png     ok 
http://cms.launcher.cmcm.com/resources/upload/1/211806623_86943/icon_folder.png     ok 
http://cms.launcher.cmcm.com/resources/upload/1/211806623_86943/google.png     ok 
http://cms.launcher.cmcm.com/resources/upload/1/211806623_86943/gmail.png     ok 
http://cms.launcher.cmcm.com/resources/upload/1/211806623_86943/googleplus.png     ok 
http://cms.launcher.cmcm.com/resources/upload/1/211806623_86943/instagram.png     ok 
http://cms.launcher.cmcm.com/resources/upload/1/211806623_86943/gallery.png     ok 
http://cms.launcher.cmcm.com/resources/upload/1/211806623_86943/line.png     ok 
http://cms.launcher.cmcm.com/resources/upload/1/211806623_86943/facebook.png     ok 
http://cms.launcher.cmcm.com/resources/upload/1/211806623_86943/messenger.png     ok 
http://cms.launcher.cmcm.com/resources/upload/1/211806623_86943/market.png     ok 
http://cms.launcher.cmcm.com/resources/upload/1/211806623_86943/music.png     ok 
http://cms.launcher.cmcm.com/resources/upload/1/211806623_86943/record.png     ok 
http://cms.launcher.cmcm.com/resources/upload/1/211806623_86943/settings.png     ok 
http://cms.launcher.cmcm.com/resources/upload/1/211806623_86943/widget_recently.png     ok 
http://cms.launcher.cmcm.com/resources/upload/1/211806623_86943/phone.png     ok 
http://cms.launcher.cmcm.com/resources/upload/1/211806623_86943/message.png     ok 
http://cms.launcher.cmcm.com/resources/upload/1/211806623_86943/skype.png     ok 
http://cms.launcher.cmcm.com/resources/upload/1/211806623_86943/twitter.png     ok 
http://cms.launcher.cmcm.com/resources/upload/1/211806623_86943/viber.png     ok 
http://cms.launcher.cmcm.com/resources/upload/1/211806623_86943/snapchat.png     ok 
http://cms.launcher.cmcm.com/resources/upload/1/211806623_86943/theme.png     ok 
http://cms.launcher.cmcm.com/resources/upload/1/211806623_86943/vk.png     ok 
http://cms.launcher.cmcm.com/resources/upload/1/211806623_86943/wallpaper.png     ok 
http://cms.launcher.cmcm.com/resources/upload/1/211806623_86943/whatsapp.png     ok 
http://cms.launcher.cmcm.com/resources/upload/1/211806623_86943/youtube.png     ok 
http://cms.launcher.cmcm.com/resources/upload/1/211806623_86943/googlephotos.png     ok 
http://cms.launcher.cmcm.com/resources/upload/1/211806623_86943/googleplay.png     ok 
http://cms.launcher.cmcm.com/resources/upload/1/211806623_86943/googleplaymusic.png     ok 
http://cms.launcher.cmcm.com/resources/upload/1/211806623_86943/googleplaygames.png     ok 
http://cms.launcher.cmcm.com/resources/upload/1/211806623_86943/widget_all_apps.png     ok 
http://cms.launcher.cmcm.com/resources/upload/1/211806623_86943/kbd_ic_saving.png     ok 
http://cms.launcher.cmcm.com/resources/upload/1/211806623_86943/cm_club.png     ok 
http://cms.launcher.cmcm.com/resources/upload/1/211806623_86943/cm_security.png     ok 
http://cms.launcher.cmcm.com/resources/upload/1/211806623_86943/cm_locker.png     ok 
http://cms.launcher.cmcm.com/resources/upload/1/211806623_86943/clean_master.png     ok 
http://cms.launcher.cmcm.com/resources/upload/1/211806623_86943/cm_browser.png     ok 
http://cms.launcher.cmcm.com/resources/upload/1/211806623_86943/mask_background_white.png     ok 
http://cms.launcher.cmcm.com/resources/upload/1/211806623_86943/dailytheme.png     ok 
http://cms.launcher.cmcm.com/resources/upload/1/211806623_86943/video.png     ok 
http://cms.launcher.cmcm.com/resources/upload/1/211806623_86943/flashlight.png     ok 
http://cms.launcher.cmcm.com/resources/upload/1/211806623_86943/filemanager.png     ok 
http://cms.launcher.cmcm.com/resources/upload/1/211806623_86943/message_spirit.png     ok 
http://cms.launcher.cmcm.com/resources/upload/1/211806623_86943/app_manager.png     ok 
http://cms.launcher.cmcm.com/resources/upload/1/211806623_86943/gprs.png     ok 
http://cms.launcher.cmcm.com/resources/upload/1/211806623_86943/sort_apps.png     ok 
http://cms.launcher.cmcm.com/resources/upload/1/211806623_86943/icon_backgrand.png     ok 
http://cms.launcher.cmcm.com/resources/upload/1/211806623_86943/mask_backgrand.png     ok 
http://cms.launcher.cmcm.com/resources/upload/1/211806623_86943/icon_shade.png     ok 
http://cms.launcher.cmcm.com/resources/upload/1/211806623_86943/icon_backgrand_2.png     ok 
http://cms.launcher.cmcm.com/resources/upload/1/211806623_86943/icon_backgrand_3.png     ok 
http://cms.launcher.cmcm.com/resources/upload/1/211806623_86943/googlemaps.png     ok 
http://cms.launcher.cmcm.com/resources/upload/1/211806623_86943/weather_icon_sunny.png     ok 
http://cms.launcher.cmcm.com/resources/upload/1/211806623_86943/weather_icon_cloudless.png     ok 
http://cms.launcher.cmcm.com/resources/upload/1/211806623_86943/weather_icon_cloudy_night.png     ok 
http://cms.launcher.cmcm.com/resources/upload/1/211806623_86943/weather_icon_overcast.png     ok 
http://cms.launcher.cmcm.com/resources/upload/1/211806623_86943/weather_icon_foggy_night.png     ok 
http://cms.launcher.cmcm.com/resources/upload/1/211806623_86943/weather_icon_cloudy.png     ok 
http://cms.launcher.cmcm.com/resources/upload/1/211806623_86943/weather_icon_rain.png     ok 
http://cms.launcher.cmcm.com/resources/upload/1/211806623_86943/weather_icon_thundershower.png     ok 
http://cms.launcher.cmcm.com/resources/upload/1/211806623_86943/weather_icon_fog.png     ok 
http://cms.launcher.cmcm.com/resources/upload/1/211806623_86943/weather_icon_sand_storm.png     ok 
http://cms.launcher.cmcm.com/resources/upload/1/211806623_86943/weather_icon_sleet.png     ok 
http://cms.launcher.cmcm.com/resources/upload/1/211806623_86943/weather_icon_snow.png     ok 
http://cms.launcher.cmcm.com/resources/upload/1/211806623_86943/weather_icon_hurricane.png     ok 
http://cms.launcher.cmcm.com/resources/upload/1/211806623_86943/lockscreen_new_preview.jpg     ok 
http://cms.launcher.cmcm.com/resources/upload/1/211806623_86943/search_background.png     ok 
http://cms.launcher.cmcm.com/resources/upload/1/211806623_86943/search_divider_bg.png     ok 
http://cms.launcher.cmcm.com/resources/upload/1/211806623_86943/search_icon.png     ok 
http://cms.launcher.cmcm.com/resources/upload/1/211806623_86943/clean_circle_full.png     ok 
http://cms.launcher.cmcm.com/resources/upload/1/211806623_86943/clean_circle_mid.png     ok 
http://cms.launcher.cmcm.com/resources/upload/1/211806623_86943/clean_circle_min.png     ok 
http://cms.launcher.cmcm.com/resources/upload/1/211806623_86943/-1.     File does not exist 
