http://cms.launcher.cmcm.com/resources/upload/2/211811729_a787c/locker_screen_pic.jpg     ok 
http://cms.launcher.cmcm.com/resources/upload/2/211811729_a787c/single_wallpaper_background.jpg     ok 
http://cms.launcher.cmcm.com/resources/upload/2/211811729_a787c/ic_launcher.png     ok 
http://cms.launcher.cmcm.com/resources/upload/2/211811729_a787c/gp_ic_launcher.png     ok 
http://cms.launcher.cmcm.com/resources/upload/2/211811729_a787c/1024x500.jpg     ok 
http://cms.launcher.cmcm.com/resources/upload/2/211811729_a787c/gp_new_preview1.jpg     ok 
http://cms.launcher.cmcm.com/resources/upload/2/211811729_a787c/gp_new_preview2.jpg     ok 
http://cms.launcher.cmcm.com/resources/upload/2/211811729_a787c/gp_new_preview3.jpg     ok 
http://cms.launcher.cmcm.com/resources/upload/2/211811729_a787c/gp_new_preview4.jpg     ok 
http://cms.launcher.cmcm.com/resources/upload/2/211811729_a787c/launcher_cover2.jpg     ok 
http://cms.launcher.cmcm.com/resources/upload/2/211811729_a787c/launcher_preview1.jpg     ok 
http://cms.launcher.cmcm.com/resources/upload/2/211811729_a787c/launcher_preview2.jpg     ok 
http://cms.launcher.cmcm.com/resources/upload/2/211811729_a787c/launcher_preview3.jpg     ok 
http://cms.launcher.cmcm.com/resources/upload/2/211811729_a787c/gp_preview1.jpg     ok 
http://cms.launcher.cmcm.com/resources/upload/2/211811729_a787c/gp_preview2.jpg     ok 
http://cms.launcher.cmcm.com/resources/upload/2/211811729_a787c/gp_preview3.jpg     ok 
http://cms.launcher.cmcm.com/resources/upload/2/211811729_a787c/auto_1024x500.jpg     ok 
http://cms.launcher.cmcm.com/resources/upload/2/211811729_a787c/auto_1000x500.jpg     ok 
http://cms.launcher.cmcm.com/resources/upload/2/211811729_a787c/auto_720x352.jpg     ok 
http://cms.launcher.cmcm.com/resources/upload/2/211811729_a787c/auto_720x268.jpg     ok 
http://cms.launcher.cmcm.com/resources/upload/2/211811729_a787c/auto_180x120.jpg     ok 
http://cms.launcher.cmcm.com/resources/upload/2/211811729_a787c/auto_launcher_cover.jpg     ok 
http://cms.launcher.cmcm.com/resources/upload/2/211811729_a787c/auto_launcher_cover2.jpg     ok 
http://cms.launcher.cmcm.com/resources/upload/2/211811729_a787c/auto_gp_ic_launcher.png     ok 
http://cms.launcher.cmcm.com/resources/upload/2/211811729_a787c/auto_ic_launcher.png     ok 
http://cms.launcher.cmcm.com/resources/upload/2/211811729_a787c/folder_bg.jpg     ok 
http://cms.launcher.cmcm.com/resources/apk/release/launcher_theme_211811729_release.apk     ok 
