http://cms.launcher.cmcm.com/resources/upload/2/211798658_2c9a5/wallpaper_background.jpg     ok 
http://cms.launcher.cmcm.com/resources/upload/2/211798658_2c9a5/bbm.png     ok 
http://cms.launcher.cmcm.com/resources/upload/2/211798658_2c9a5/browser.png     ok 
http://cms.launcher.cmcm.com/resources/upload/2/211798658_2c9a5/calculator.png     ok 
http://cms.launcher.cmcm.com/resources/upload/2/211798658_2c9a5/calendar.png     ok 
http://cms.launcher.cmcm.com/resources/upload/2/211798658_2c9a5/camera.png     ok 
http://cms.launcher.cmcm.com/resources/upload/2/211798658_2c9a5/chrome.png     ok 
http://cms.launcher.cmcm.com/resources/upload/2/211798658_2c9a5/clock.png     ok 
http://cms.launcher.cmcm.com/resources/upload/2/211798658_2c9a5/contact.png     ok 
http://cms.launcher.cmcm.com/resources/upload/2/211798658_2c9a5/download.png     ok 
http://cms.launcher.cmcm.com/resources/upload/2/211798658_2c9a5/email.png     ok 
http://cms.launcher.cmcm.com/resources/upload/2/211798658_2c9a5/facebook.png     ok 
http://cms.launcher.cmcm.com/resources/upload/2/211798658_2c9a5/gallery.png     ok 
http://cms.launcher.cmcm.com/resources/upload/2/211798658_2c9a5/gmail.png     ok 
http://cms.launcher.cmcm.com/resources/upload/2/211798658_2c9a5/google.png     ok 
http://cms.launcher.cmcm.com/resources/upload/2/211798658_2c9a5/googleplus.png     ok 
http://cms.launcher.cmcm.com/resources/upload/2/211798658_2c9a5/instagram.png     ok 
http://cms.launcher.cmcm.com/resources/upload/2/211798658_2c9a5/line.png     ok 
http://cms.launcher.cmcm.com/resources/upload/2/211798658_2c9a5/market.png     ok 
http://cms.launcher.cmcm.com/resources/upload/2/211798658_2c9a5/messenger.png     ok 
http://cms.launcher.cmcm.com/resources/upload/2/211798658_2c9a5/music.png     ok 
http://cms.launcher.cmcm.com/resources/upload/2/211798658_2c9a5/phone.png     ok 
http://cms.launcher.cmcm.com/resources/upload/2/211798658_2c9a5/widget_recently.png     ok 
http://cms.launcher.cmcm.com/resources/upload/2/211798658_2c9a5/record.png     ok 
http://cms.launcher.cmcm.com/resources/upload/2/211798658_2c9a5/settings.png     ok 
http://cms.launcher.cmcm.com/resources/upload/2/211798658_2c9a5/skype.png     ok 
http://cms.launcher.cmcm.com/resources/upload/2/211798658_2c9a5/message.png     ok 
http://cms.launcher.cmcm.com/resources/upload/2/211798658_2c9a5/snapchat.png     ok 
http://cms.launcher.cmcm.com/resources/upload/2/211798658_2c9a5/theme.png     ok 
http://cms.launcher.cmcm.com/resources/upload/2/211798658_2c9a5/twitter.png     ok 
http://cms.launcher.cmcm.com/resources/upload/2/211798658_2c9a5/viber.png     ok 
http://cms.launcher.cmcm.com/resources/upload/2/211798658_2c9a5/vk.png     ok 
http://cms.launcher.cmcm.com/resources/upload/2/211798658_2c9a5/wallpaper.png     ok 
http://cms.launcher.cmcm.com/resources/upload/2/211798658_2c9a5/whatsapp.png     ok 
http://cms.launcher.cmcm.com/resources/upload/2/211798658_2c9a5/youtube.png     ok 
http://cms.launcher.cmcm.com/resources/upload/2/211798658_2c9a5/googlemaps.png     ok 
http://cms.launcher.cmcm.com/resources/upload/2/211798658_2c9a5/googlephotos.png     ok 
http://cms.launcher.cmcm.com/resources/upload/2/211798658_2c9a5/googleplay.png     ok 
http://cms.launcher.cmcm.com/resources/upload/2/211798658_2c9a5/googleplaymusic.png     ok 
http://cms.launcher.cmcm.com/resources/upload/2/211798658_2c9a5/googleplaygames.png     ok 
http://cms.launcher.cmcm.com/resources/upload/2/211798658_2c9a5/widget_all_apps.png     ok 
http://cms.launcher.cmcm.com/resources/upload/2/211798658_2c9a5/kbd_ic_saving.png     ok 
http://cms.launcher.cmcm.com/resources/upload/2/211798658_2c9a5/cm_club.png     ok 
http://cms.launcher.cmcm.com/resources/upload/2/211798658_2c9a5/cm_security.png     ok 
http://cms.launcher.cmcm.com/resources/upload/2/211798658_2c9a5/cm_locker.png     ok 
http://cms.launcher.cmcm.com/resources/upload/2/211798658_2c9a5/clean_master.png     ok 
http://cms.launcher.cmcm.com/resources/upload/2/211798658_2c9a5/cm_browser.png     ok 
http://cms.launcher.cmcm.com/resources/upload/2/211798658_2c9a5/mask_background_white.png     ok 
http://cms.launcher.cmcm.com/resources/upload/2/211798658_2c9a5/dailytheme.png     ok 
http://cms.launcher.cmcm.com/resources/upload/2/211798658_2c9a5/video.png     ok 
http://cms.launcher.cmcm.com/resources/upload/2/211798658_2c9a5/flashlight.png     ok 
http://cms.launcher.cmcm.com/resources/upload/2/211798658_2c9a5/filemanager.png     ok 
http://cms.launcher.cmcm.com/resources/upload/2/211798658_2c9a5/message_spirit.png     ok 
http://cms.launcher.cmcm.com/resources/upload/2/211798658_2c9a5/app_manager.png     ok 
http://cms.launcher.cmcm.com/resources/upload/2/211798658_2c9a5/gprs.png     ok 
http://cms.launcher.cmcm.com/resources/upload/2/211798658_2c9a5/sort_apps.png     ok 
http://cms.launcher.cmcm.com/resources/upload/2/211798658_2c9a5/icon_folder.png     ok 
http://cms.launcher.cmcm.com/resources/upload/2/211798658_2c9a5/icon_backgrand.png     ok 
http://cms.launcher.cmcm.com/resources/upload/2/211798658_2c9a5/mask_backgrand.png     ok 
http://cms.launcher.cmcm.com/resources/upload/2/211798658_2c9a5/icon_shade.png     ok 
http://cms.launcher.cmcm.com/resources/upload/2/211798658_2c9a5/weather_icon_sunny.png     ok 
http://cms.launcher.cmcm.com/resources/upload/2/211798658_2c9a5/weather_icon_cloudy_night.png     ok 
http://cms.launcher.cmcm.com/resources/upload/2/211798658_2c9a5/weather_icon_overcast.png     ok 
http://cms.launcher.cmcm.com/resources/upload/2/211798658_2c9a5/weather_icon_cloudy.png     ok 
http://cms.launcher.cmcm.com/resources/upload/2/211798658_2c9a5/weather_icon_rain.png     ok 
http://cms.launcher.cmcm.com/resources/upload/2/211798658_2c9a5/weather_icon_thundershower.png     ok 
http://cms.launcher.cmcm.com/resources/upload/2/211798658_2c9a5/weather_icon_sand_storm.png     ok 
http://cms.launcher.cmcm.com/resources/upload/2/211798658_2c9a5/weather_icon_sleet.png     ok 
http://cms.launcher.cmcm.com/resources/upload/2/211798658_2c9a5/weather_icon_snow.png     ok 
http://cms.launcher.cmcm.com/resources/upload/2/211798658_2c9a5/weather_icon_hurricane.png     ok 
http://cms.launcher.cmcm.com/resources/upload/2/211798658_2c9a5/weather_icon_foggy_night.png     ok 
http://cms.launcher.cmcm.com/resources/upload/2/211798658_2c9a5/weather_icon_cloudless.png     ok 
http://cms.launcher.cmcm.com/resources/upload/2/211798658_2c9a5/alert_clock_widget_water_2.png     ok 
http://cms.launcher.cmcm.com/resources/upload/2/211798658_2c9a5/clean_circle_full.png     ok 
http://cms.launcher.cmcm.com/resources/upload/2/211798658_2c9a5/clean_circle_min.png     ok 
http://cms.launcher.cmcm.com/resources/upload/2/211798658_2c9a5/clean_circle_mid.png     ok 
http://cms.launcher.cmcm.com/resources/upload/2/211798658_2c9a5/search_background.png     ok 
http://cms.launcher.cmcm.com/resources/upload/2/211798658_2c9a5/search_icon.png     ok 
http://cms.launcher.cmcm.com/resources/upload/2/211798658_2c9a5/search_divider_bg.png     ok 
http://cms.launcher.cmcm.com/resources/upload/2/211798658_2c9a5/lockscreen_new_preview.jpg     ok 
http://cms.launcher.cmcm.com/resources/upload/2/211798658_2c9a5/-1.     File does not exist 
