http://cms.launcher.cmcm.com/resources/upload/2/211812521_3a1cf/locker_screen_pic.jpg     ok 
http://cms.launcher.cmcm.com/resources/upload/2/211812521_3a1cf/single_wallpaper_background.jpg     ok 
http://cms.launcher.cmcm.com/resources/upload/2/211812521_3a1cf/folder_bg.jpg     ok 
http://cms.launcher.cmcm.com/resources/upload/2/211812521_3a1cf/ic_launcher.png     ok 
http://cms.launcher.cmcm.com/resources/upload/2/211812521_3a1cf/gp_ic_launcher.png     ok 
http://cms.launcher.cmcm.com/resources/upload/2/211812521_3a1cf/1024x500.jpg     ok 
http://cms.launcher.cmcm.com/resources/upload/2/211812521_3a1cf/gp_new_preview1.jpg     ok 
http://cms.launcher.cmcm.com/resources/upload/2/211812521_3a1cf/gp_new_preview2.jpg     ok 
http://cms.launcher.cmcm.com/resources/upload/2/211812521_3a1cf/gp_new_preview4.jpg     ok 
http://cms.launcher.cmcm.com/resources/upload/2/211812521_3a1cf/gp_new_preview3.jpg     ok 
http://cms.launcher.cmcm.com/resources/upload/2/211812521_3a1cf/launcher_cover2.jpg     ok 
http://cms.launcher.cmcm.com/resources/upload/2/211812521_3a1cf/launcher_preview1.jpg     ok 
http://cms.launcher.cmcm.com/resources/upload/2/211812521_3a1cf/launcher_preview2.jpg     ok 
http://cms.launcher.cmcm.com/resources/upload/2/211812521_3a1cf/launcher_preview3.jpg     ok 
http://cms.launcher.cmcm.com/resources/upload/2/211812521_3a1cf/gp_preview1.jpg     ok 
http://cms.launcher.cmcm.com/resources/upload/2/211812521_3a1cf/gp_preview2.jpg     ok 
http://cms.launcher.cmcm.com/resources/upload/2/211812521_3a1cf/gp_preview3.jpg     ok 
http://cms.launcher.cmcm.com/resources/upload/2/211812521_3a1cf/auto_1024x500.jpg     ok 
http://cms.launcher.cmcm.com/resources/upload/2/211812521_3a1cf/auto_1000x500.jpg     ok 
http://cms.launcher.cmcm.com/resources/upload/2/211812521_3a1cf/auto_720x352.jpg     ok 
http://cms.launcher.cmcm.com/resources/upload/2/211812521_3a1cf/auto_720x268.jpg     ok 
http://cms.launcher.cmcm.com/resources/upload/2/211812521_3a1cf/auto_180x120.jpg     ok 
http://cms.launcher.cmcm.com/resources/upload/2/211812521_3a1cf/auto_launcher_cover.jpg     ok 
http://cms.launcher.cmcm.com/resources/upload/2/211812521_3a1cf/auto_launcher_cover2.jpg     ok 
http://cms.launcher.cmcm.com/resources/upload/2/211812521_3a1cf/auto_gp_ic_launcher.png     ok 
http://cms.launcher.cmcm.com/resources/upload/2/211812521_3a1cf/auto_ic_launcher.png     ok 
http://cms.launcher.cmcm.com/resources/apk/release/launcher_theme_211812521_release.apk     ok 
