http://cms.launcher.cmcm.com/resources/upload/2/211811979_76f2e/locker_screen_pic.jpg     ok 
http://cms.launcher.cmcm.com/resources/upload/2/211811979_76f2e/single_wallpaper_background.jpg     ok 
http://cms.launcher.cmcm.com/resources/upload/2/211811979_76f2e/1024x500.jpg     ok 
http://cms.launcher.cmcm.com/resources/upload/2/211811979_76f2e/launcher_cover2.jpg     ok 
http://cms.launcher.cmcm.com/resources/upload/2/211811979_76f2e/ic_launcher.png     ok 
http://cms.launcher.cmcm.com/resources/upload/2/211811979_76f2e/gp_ic_launcher.png     ok 
http://cms.launcher.cmcm.com/resources/upload/2/211811979_76f2e/launcher_preview1.jpg     ok 
http://cms.launcher.cmcm.com/resources/upload/2/211811979_76f2e/launcher_preview2.jpg     ok 
http://cms.launcher.cmcm.com/resources/upload/2/211811979_76f2e/launcher_preview3.jpg     ok 
http://cms.launcher.cmcm.com/resources/upload/2/211811979_76f2e/gp_preview1.jpg     ok 
http://cms.launcher.cmcm.com/resources/upload/2/211811979_76f2e/gp_preview2.jpg     ok 
http://cms.launcher.cmcm.com/resources/upload/2/211811979_76f2e/gp_preview3.jpg     ok 
http://cms.launcher.cmcm.com/resources/upload/2/211811979_76f2e/auto_1024x500.jpg     ok 
http://cms.launcher.cmcm.com/resources/upload/2/211811979_76f2e/auto_1000x500.jpg     ok 
http://cms.launcher.cmcm.com/resources/upload/2/211811979_76f2e/auto_720x352.jpg     ok 
http://cms.launcher.cmcm.com/resources/upload/2/211811979_76f2e/auto_720x268.jpg     ok 
http://cms.launcher.cmcm.com/resources/upload/2/211811979_76f2e/auto_180x120.jpg     ok 
http://cms.launcher.cmcm.com/resources/upload/2/211811979_76f2e/auto_launcher_cover.jpg     ok 
http://cms.launcher.cmcm.com/resources/upload/2/211811979_76f2e/auto_launcher_cover2.jpg     ok 
http://cms.launcher.cmcm.com/resources/upload/2/211811979_76f2e/auto_gp_ic_launcher.png     ok 
http://cms.launcher.cmcm.com/resources/upload/2/211811979_76f2e/auto_ic_launcher.png     ok 
http://cms.launcher.cmcm.com/resources/upload/2/211811979_76f2e/gp_new_preview1.jpg     ok 
http://cms.launcher.cmcm.com/resources/upload/2/211811979_76f2e/gp_new_preview3.jpg     ok 
http://cms.launcher.cmcm.com/resources/upload/2/211811979_76f2e/gp_new_preview2.jpg     ok 
http://cms.launcher.cmcm.com/resources/upload/2/211811979_76f2e/gp_new_preview4.jpg     ok 
http://cms.launcher.cmcm.com/resources/apk/release/launcher_theme_211811979_release.apk     ok 
