http://cms.launcher.cmcm.com/resources/upload/2/211798658_2c9a5/wallpaper_background.jpg     ok 
http://cms.launcher.cmcm.com/resources/upload/2/211798658_2c9a5/ic_launcher.png     ok 
http://cms.launcher.cmcm.com/resources/upload/2/211798658_2c9a5/gp_ic_launcher.png     ok 
http://cms.launcher.cmcm.com/resources/upload/2/211798658_2c9a5/1024x500.jpg     ok 
http://cms.launcher.cmcm.com/resources/upload/2/211798658_2c9a5/launcher_cover2.jpg     ok 
http://cms.launcher.cmcm.com/resources/upload/2/211798658_2c9a5/gp_new_preview1.jpg     ok 
http://cms.launcher.cmcm.com/resources/upload/2/211798658_2c9a5/gp_new_preview3.jpg     ok 
http://cms.launcher.cmcm.com/resources/upload/2/211798658_2c9a5/gp_new_preview2.jpg     ok 
http://cms.launcher.cmcm.com/resources/upload/2/211798658_2c9a5/launcher_preview1.jpg     ok 
http://cms.launcher.cmcm.com/resources/upload/2/211798658_2c9a5/launcher_preview2.jpg     ok 
http://cms.launcher.cmcm.com/resources/upload/2/211798658_2c9a5/launcher_preview3.jpg     ok 
http://cms.launcher.cmcm.com/resources/upload/2/211798658_2c9a5/gp_preview1.jpg     ok 
http://cms.launcher.cmcm.com/resources/upload/2/211798658_2c9a5/gp_preview2.jpg     ok 
http://cms.launcher.cmcm.com/resources/upload/2/211798658_2c9a5/gp_preview3.jpg     ok 
http://cms.launcher.cmcm.com/resources/upload/2/211798658_2c9a5/auto_1024x500.jpg     ok 
http://cms.launcher.cmcm.com/resources/upload/2/211798658_2c9a5/auto_1000x500.jpg     ok 
http://cms.launcher.cmcm.com/resources/upload/2/211798658_2c9a5/auto_720x352.jpg     ok 
http://cms.launcher.cmcm.com/resources/upload/2/211798658_2c9a5/auto_720x268.jpg     ok 
http://cms.launcher.cmcm.com/resources/upload/2/211798658_2c9a5/auto_180x120.jpg     ok 
http://cms.launcher.cmcm.com/resources/upload/2/211798658_2c9a5/auto_launcher_cover.jpg     ok 
http://cms.launcher.cmcm.com/resources/upload/2/211798658_2c9a5/auto_launcher_cover2.jpg     ok 
http://cms.launcher.cmcm.com/resources/upload/2/211798658_2c9a5/auto_gp_ic_launcher.png     ok 
http://cms.launcher.cmcm.com/resources/upload/2/211798658_2c9a5/auto_ic_launcher.png     ok 
http://cms.launcher.cmcm.com/resources/apk/release/launcher_theme_211798658_release.apk     ok 
