http://cms.launcher.cmcm.com/resources/upload/2/211810810_6279c/youtube.png     ok 
http://cms.launcher.cmcm.com/resources/upload/2/211810810_6279c/facebook.png     ok 
http://cms.launcher.cmcm.com/resources/upload/2/211810810_6279c/whatsapp.png     ok 
http://cms.launcher.cmcm.com/resources/upload/2/211810810_6279c/theme.png     ok 
http://cms.launcher.cmcm.com/resources/upload/2/211810810_6279c/bbm.png     ok 
http://cms.launcher.cmcm.com/resources/upload/2/211810810_6279c/app_manager.png     ok 
http://cms.launcher.cmcm.com/resources/upload/2/211810810_6279c/browser.png     ok 
http://cms.launcher.cmcm.com/resources/upload/2/211810810_6279c/calendar.png     ok 
http://cms.launcher.cmcm.com/resources/upload/2/211810810_6279c/calculator.png     ok 
http://cms.launcher.cmcm.com/resources/upload/2/211810810_6279c/camera.png     ok 
http://cms.launcher.cmcm.com/resources/upload/2/211810810_6279c/widget_all_apps.png     ok 
http://cms.launcher.cmcm.com/resources/upload/2/211810810_6279c/clock.png     ok 
http://cms.launcher.cmcm.com/resources/upload/2/211810810_6279c/chrome.png     ok 
http://cms.launcher.cmcm.com/resources/upload/2/211810810_6279c/mask_background_white.png     ok 
http://cms.launcher.cmcm.com/resources/upload/2/211810810_6279c/clean_master.png     ok 
http://cms.launcher.cmcm.com/resources/upload/2/211810810_6279c/googleplaygames.png     ok 
http://cms.launcher.cmcm.com/resources/upload/2/211810810_6279c/market.png     ok 
http://cms.launcher.cmcm.com/resources/upload/2/211810810_6279c/music.png     ok 
http://cms.launcher.cmcm.com/resources/upload/2/211810810_6279c/widget_recently.png     ok 
http://cms.launcher.cmcm.com/resources/upload/2/211810810_6279c/kbd_ic_saving.png     ok 
http://cms.launcher.cmcm.com/resources/upload/2/211810810_6279c/line.png     ok 
http://cms.launcher.cmcm.com/resources/upload/2/211810810_6279c/messenger.png     ok 
http://cms.launcher.cmcm.com/resources/upload/2/211810810_6279c/record.png     ok 
http://cms.launcher.cmcm.com/resources/upload/2/211810810_6279c/settings.png     ok 
http://cms.launcher.cmcm.com/resources/upload/2/211810810_6279c/phone.png     ok 
http://cms.launcher.cmcm.com/resources/upload/2/211810810_6279c/skype.png     ok 
http://cms.launcher.cmcm.com/resources/upload/2/211810810_6279c/message.png     ok 
http://cms.launcher.cmcm.com/resources/upload/2/211810810_6279c/snapchat.png     ok 
http://cms.launcher.cmcm.com/resources/upload/2/211810810_6279c/cm_club.png     ok 
http://cms.launcher.cmcm.com/resources/upload/2/211810810_6279c/twitter.png     ok 
http://cms.launcher.cmcm.com/resources/upload/2/211810810_6279c/viber.png     ok 
http://cms.launcher.cmcm.com/resources/upload/2/211810810_6279c/message_spirit.png     ok 
http://cms.launcher.cmcm.com/resources/upload/2/211810810_6279c/cm_locker.png     ok 
http://cms.launcher.cmcm.com/resources/upload/2/211810810_6279c/cm_browser.png     ok 
http://cms.launcher.cmcm.com/resources/upload/2/211810810_6279c/gprs.png     ok 
http://cms.launcher.cmcm.com/resources/upload/2/211810810_6279c/download.png     ok 
http://cms.launcher.cmcm.com/resources/upload/2/211810810_6279c/email.png     ok 
http://cms.launcher.cmcm.com/resources/upload/2/211810810_6279c/contact.png     ok 
http://cms.launcher.cmcm.com/resources/upload/2/211810810_6279c/filemanager.png     ok 
http://cms.launcher.cmcm.com/resources/upload/2/211810810_6279c/icon_folder.png     ok 
http://cms.launcher.cmcm.com/resources/upload/2/211810810_6279c/gallery.png     ok 
http://cms.launcher.cmcm.com/resources/upload/2/211810810_6279c/cm_security.png     ok 
http://cms.launcher.cmcm.com/resources/upload/2/211810810_6279c/vk.png     ok 
http://cms.launcher.cmcm.com/resources/upload/2/211810810_6279c/sort_apps.png     ok 
http://cms.launcher.cmcm.com/resources/upload/2/211810810_6279c/flashlight.png     ok 
http://cms.launcher.cmcm.com/resources/upload/2/211810810_6279c/dailytheme.png     ok 
http://cms.launcher.cmcm.com/resources/upload/2/211810810_6279c/googleplus.png     ok 
http://cms.launcher.cmcm.com/resources/upload/2/211810810_6279c/googlephotos.png     ok 
http://cms.launcher.cmcm.com/resources/upload/2/211810810_6279c/gmail.png     ok 
http://cms.launcher.cmcm.com/resources/upload/2/211810810_6279c/googlemaps.png     ok 
http://cms.launcher.cmcm.com/resources/upload/2/211810810_6279c/googleplay.png     ok 
http://cms.launcher.cmcm.com/resources/upload/2/211810810_6279c/googleplaymusic.png     ok 
http://cms.launcher.cmcm.com/resources/upload/2/211810810_6279c/instagram.png     ok 
http://cms.launcher.cmcm.com/resources/upload/2/211810810_6279c/google.png     ok 
http://cms.launcher.cmcm.com/resources/upload/2/211810810_6279c/video.png     ok 
http://cms.launcher.cmcm.com/resources/upload/2/211810810_6279c/wallpaper.png     ok 
http://cms.launcher.cmcm.com/resources/upload/2/211810810_6279c/icon_backgrand.png     ok 
http://cms.launcher.cmcm.com/resources/upload/2/211810810_6279c/mask_backgrand.png     ok 
http://cms.launcher.cmcm.com/resources/upload/2/211810810_6279c/icon_shade.png     ok 
http://cms.launcher.cmcm.com/resources/upload/2/211810810_6279c/icon_backgrand_2.png     ok 
http://cms.launcher.cmcm.com/resources/upload/2/211810810_6279c/icon_backgrand_3.png     ok 
http://cms.launcher.cmcm.com/resources/upload/2/211810810_6279c/icon_backgrand_4.png     ok 
http://cms.launcher.cmcm.com/resources/upload/2/211810810_6279c/icon_backgrand_5.png     ok 
http://cms.launcher.cmcm.com/resources/upload/2/211810810_6279c/weather_icon_sunny.png     ok 
http://cms.launcher.cmcm.com/resources/upload/2/211810810_6279c/weather_icon_cloudless.png     ok 
http://cms.launcher.cmcm.com/resources/upload/2/211810810_6279c/weather_icon_cloudy_night.png     ok 
http://cms.launcher.cmcm.com/resources/upload/2/211810810_6279c/weather_icon_overcast.png     ok 
http://cms.launcher.cmcm.com/resources/upload/2/211810810_6279c/weather_icon_foggy_night.png     ok 
http://cms.launcher.cmcm.com/resources/upload/2/211810810_6279c/weather_icon_cloudy.png     ok 
http://cms.launcher.cmcm.com/resources/upload/2/211810810_6279c/weather_icon_rain.png     ok 
http://cms.launcher.cmcm.com/resources/upload/2/211810810_6279c/weather_icon_thundershower.png     ok 
http://cms.launcher.cmcm.com/resources/upload/2/211810810_6279c/weather_icon_fog.png     ok 
http://cms.launcher.cmcm.com/resources/upload/2/211810810_6279c/weather_icon_sand_storm.png     ok 
http://cms.launcher.cmcm.com/resources/upload/2/211810810_6279c/weather_icon_sleet.png     ok 
http://cms.launcher.cmcm.com/resources/upload/2/211810810_6279c/weather_icon_snow.png     ok 
http://cms.launcher.cmcm.com/resources/upload/2/211810810_6279c/weather_icon_hurricane.png     ok 
http://cms.launcher.cmcm.com/resources/upload/2/211810810_6279c/alert_clock_widget_ship.png     ok 
http://cms.launcher.cmcm.com/resources/upload/2/211810810_6279c/alert_clock_widget_lighthouse_day.png     ok 
http://cms.launcher.cmcm.com/resources/upload/2/211810810_6279c/alert_clock_widget_lighthouse_night.png     ok 
http://cms.launcher.cmcm.com/resources/upload/2/211810810_6279c/search_background.png     ok 
http://cms.launcher.cmcm.com/resources/upload/2/211810810_6279c/search_divider_bg.png     ok 
http://cms.launcher.cmcm.com/resources/upload/2/211810810_6279c/alert_clock_widget_water_0.png     ok 
http://cms.launcher.cmcm.com/resources/upload/2/211810810_6279c/alert_clock_widget_water_1.png     ok 
http://cms.launcher.cmcm.com/resources/upload/2/211810810_6279c/search_icon.png     ok 
http://cms.launcher.cmcm.com/resources/upload/2/211810810_6279c/alert_clock_widget_water_2.png     ok 
http://cms.launcher.cmcm.com/resources/upload/2/211810810_6279c/single_wallpaper_background.jpg     ok 
http://cms.launcher.cmcm.com/resources/upload/2/211810810_6279c/-1.     File does not exist 
http://cms.launcher.cmcm.com/resources/upload/2/211810810_6279c/clean_circle_full.png     ok 
http://cms.launcher.cmcm.com/resources/upload/2/211810810_6279c/clean_circle_mid.png     ok 
http://cms.launcher.cmcm.com/resources/upload/2/211810810_6279c/clean_circle_min.png     ok 
