http://cms.launcher.cmcm.com/resources/upload/2/211812521_3a1cf/single_wallpaper_background.jpg     ok 
http://cms.launcher.cmcm.com/resources/upload/2/211812521_3a1cf/youtube.png     ok 
http://cms.launcher.cmcm.com/resources/upload/2/211812521_3a1cf/facebook.png     ok 
http://cms.launcher.cmcm.com/resources/upload/2/211812521_3a1cf/whatsapp.png     ok 
http://cms.launcher.cmcm.com/resources/upload/2/211812521_3a1cf/messenger.png     ok 
http://cms.launcher.cmcm.com/resources/upload/2/211812521_3a1cf/chrome.png     ok 
http://cms.launcher.cmcm.com/resources/upload/2/211812521_3a1cf/instagram.png     ok 
http://cms.launcher.cmcm.com/resources/upload/2/211812521_3a1cf/gmail.png     ok 
http://cms.launcher.cmcm.com/resources/upload/2/211812521_3a1cf/line.png     ok 
http://cms.launcher.cmcm.com/resources/upload/2/211812521_3a1cf/google.png     ok 
http://cms.launcher.cmcm.com/resources/upload/2/211812521_3a1cf/googlemaps.png     ok 
http://cms.launcher.cmcm.com/resources/upload/2/211812521_3a1cf/googleplus.png     ok 
http://cms.launcher.cmcm.com/resources/upload/2/211812521_3a1cf/googlephotos.png     ok 
http://cms.launcher.cmcm.com/resources/upload/2/211812521_3a1cf/googleplay.png     ok 
http://cms.launcher.cmcm.com/resources/upload/2/211812521_3a1cf/googleplaymusic.png     ok 
http://cms.launcher.cmcm.com/resources/upload/2/211812521_3a1cf/googleplaygames.png     ok 
http://cms.launcher.cmcm.com/resources/upload/2/211812521_3a1cf/bbm.png     ok 
http://cms.launcher.cmcm.com/resources/upload/2/211812521_3a1cf/viber.png     ok 
http://cms.launcher.cmcm.com/resources/upload/2/211812521_3a1cf/vk.png     ok 
http://cms.launcher.cmcm.com/resources/upload/2/211812521_3a1cf/twitter.png     ok 
http://cms.launcher.cmcm.com/resources/upload/2/211812521_3a1cf/snapchat.png     ok 
http://cms.launcher.cmcm.com/resources/upload/2/211812521_3a1cf/skype.png     ok 
http://cms.launcher.cmcm.com/resources/upload/2/211812521_3a1cf/camera.png     ok 
http://cms.launcher.cmcm.com/resources/upload/2/211812521_3a1cf/music.png     ok 
http://cms.launcher.cmcm.com/resources/upload/2/211812521_3a1cf/calculator.png     ok 
http://cms.launcher.cmcm.com/resources/upload/2/211812521_3a1cf/clock.png     ok 
http://cms.launcher.cmcm.com/resources/upload/2/211812521_3a1cf/calendar.png     ok 
http://cms.launcher.cmcm.com/resources/upload/2/211812521_3a1cf/email.png     ok 
http://cms.launcher.cmcm.com/resources/upload/2/211812521_3a1cf/browser.png     ok 
http://cms.launcher.cmcm.com/resources/upload/2/211812521_3a1cf/settings.png     ok 
http://cms.launcher.cmcm.com/resources/upload/2/211812521_3a1cf/phone.png     ok 
http://cms.launcher.cmcm.com/resources/upload/2/211812521_3a1cf/message.png     ok 
http://cms.launcher.cmcm.com/resources/upload/2/211812521_3a1cf/contact.png     ok 
http://cms.launcher.cmcm.com/resources/upload/2/211812521_3a1cf/gallery.png     ok 
http://cms.launcher.cmcm.com/resources/upload/2/211812521_3a1cf/widget_all_apps.png     ok 
http://cms.launcher.cmcm.com/resources/upload/2/211812521_3a1cf/wallpaper.png     ok 
http://cms.launcher.cmcm.com/resources/upload/2/211812521_3a1cf/market.png     ok 
http://cms.launcher.cmcm.com/resources/upload/2/211812521_3a1cf/kbd_ic_saving.png     ok 
http://cms.launcher.cmcm.com/resources/upload/2/211812521_3a1cf/theme.png     ok 
http://cms.launcher.cmcm.com/resources/upload/2/211812521_3a1cf/cm_club.png     ok 
http://cms.launcher.cmcm.com/resources/upload/2/211812521_3a1cf/cm_security.png     ok 
http://cms.launcher.cmcm.com/resources/upload/2/211812521_3a1cf/cm_locker.png     ok 
http://cms.launcher.cmcm.com/resources/upload/2/211812521_3a1cf/clean_master.png     ok 
http://cms.launcher.cmcm.com/resources/upload/2/211812521_3a1cf/cm_browser.png     ok 
http://cms.launcher.cmcm.com/resources/upload/2/211812521_3a1cf/dailytheme.png     ok 
http://cms.launcher.cmcm.com/resources/upload/2/211812521_3a1cf/record.png     ok 
http://cms.launcher.cmcm.com/resources/upload/2/211812521_3a1cf/video.png     ok 
http://cms.launcher.cmcm.com/resources/upload/2/211812521_3a1cf/flashlight.png     ok 
http://cms.launcher.cmcm.com/resources/upload/2/211812521_3a1cf/filemanager.png     ok 
http://cms.launcher.cmcm.com/resources/upload/2/211812521_3a1cf/download.png     ok 
http://cms.launcher.cmcm.com/resources/upload/2/211812521_3a1cf/message_spirit.png     ok 
http://cms.launcher.cmcm.com/resources/upload/2/211812521_3a1cf/app_manager.png     ok 
http://cms.launcher.cmcm.com/resources/upload/2/211812521_3a1cf/sort_apps.png     ok 
http://cms.launcher.cmcm.com/resources/upload/2/211812521_3a1cf/widget_recently.png     ok 
http://cms.launcher.cmcm.com/resources/upload/2/211812521_3a1cf/gprs.png     ok 
http://cms.launcher.cmcm.com/resources/upload/2/211812521_3a1cf/mask_background_white.png     ok 
http://cms.launcher.cmcm.com/resources/upload/2/211812521_3a1cf/icon_folder.png     ok 
http://cms.launcher.cmcm.com/resources/upload/2/211812521_3a1cf/icon_backgrand.png     ok 
http://cms.launcher.cmcm.com/resources/upload/2/211812521_3a1cf/mask_backgrand.png     ok 
http://cms.launcher.cmcm.com/resources/upload/2/211812521_3a1cf/icon_shade.png     ok 
http://cms.launcher.cmcm.com/resources/upload/2/211812521_3a1cf/icon_backgrand_2.png     ok 
http://cms.launcher.cmcm.com/resources/upload/2/211812521_3a1cf/icon_backgrand_3.png     ok 
http://cms.launcher.cmcm.com/resources/upload/2/211812521_3a1cf/icon_backgrand_4.png     ok 
http://cms.launcher.cmcm.com/resources/upload/2/211812521_3a1cf/icon_backgrand_5.png     ok 
http://cms.launcher.cmcm.com/resources/upload/2/211812521_3a1cf/alert_clock_widget_water_0.png     ok 
http://cms.launcher.cmcm.com/resources/upload/2/211812521_3a1cf/alert_clock_widget_water_1.png     ok 
http://cms.launcher.cmcm.com/resources/upload/2/211812521_3a1cf/alert_clock_widget_water_2.png     ok 
http://cms.launcher.cmcm.com/resources/upload/2/211812521_3a1cf/clean_circle_full.png     ok 
http://cms.launcher.cmcm.com/resources/upload/2/211812521_3a1cf/clean_circle_mid.png     ok 
http://cms.launcher.cmcm.com/resources/upload/2/211812521_3a1cf/clean_circle_min.png     ok 
http://cms.launcher.cmcm.com/resources/upload/2/211812521_3a1cf/search_background.png     ok 
http://cms.launcher.cmcm.com/resources/upload/2/211812521_3a1cf/search_divider_bg.png     ok 
http://cms.launcher.cmcm.com/resources/upload/2/211812521_3a1cf/search_icon.png     ok 
http://cms.launcher.cmcm.com/resources/upload/2/211812521_3a1cf/-1.     File does not exist 
