http://cms.launcher.cmcm.com/resources/upload/2/211811741_372b6/single_wallpaper_background.jpg     ok 
http://cms.launcher.cmcm.com/resources/upload/2/211811741_372b6/facebook.png     ok 
http://cms.launcher.cmcm.com/resources/upload/2/211811741_372b6/whatsapp.png     ok 
http://cms.launcher.cmcm.com/resources/upload/2/211811741_372b6/youtube.png     ok 
http://cms.launcher.cmcm.com/resources/upload/2/211811741_372b6/theme.png     ok 
http://cms.launcher.cmcm.com/resources/upload/2/211811741_372b6/camera.png     ok 
http://cms.launcher.cmcm.com/resources/upload/2/211811741_372b6/settings.png     ok 
http://cms.launcher.cmcm.com/resources/upload/2/211811741_372b6/clean_master.png     ok 
http://cms.launcher.cmcm.com/resources/upload/2/211811741_372b6/phone.png     ok 
http://cms.launcher.cmcm.com/resources/upload/2/211811741_372b6/contact.png     ok 
http://cms.launcher.cmcm.com/resources/upload/2/211811741_372b6/message.png     ok 
http://cms.launcher.cmcm.com/resources/upload/2/211811741_372b6/browser.png     ok 
http://cms.launcher.cmcm.com/resources/upload/2/211811741_372b6/messenger.png     ok 
http://cms.launcher.cmcm.com/resources/upload/2/211811741_372b6/line.png     ok 
http://cms.launcher.cmcm.com/resources/upload/2/211811741_372b6/email.png     ok 
http://cms.launcher.cmcm.com/resources/upload/2/211811741_372b6/bbm.png     ok 
http://cms.launcher.cmcm.com/resources/upload/2/211811741_372b6/viber.png     ok 
http://cms.launcher.cmcm.com/resources/upload/2/211811741_372b6/vk.png     ok 
http://cms.launcher.cmcm.com/resources/upload/2/211811741_372b6/wallpaper.png     ok 
http://cms.launcher.cmcm.com/resources/upload/2/211811741_372b6/music.png     ok 
http://cms.launcher.cmcm.com/resources/upload/2/211811741_372b6/googleplay.png     ok 
http://cms.launcher.cmcm.com/resources/upload/2/211811741_372b6/google.png     ok 
http://cms.launcher.cmcm.com/resources/upload/2/211811741_372b6/googlemaps.png     ok 
http://cms.launcher.cmcm.com/resources/upload/2/211811741_372b6/googlephotos.png     ok 
http://cms.launcher.cmcm.com/resources/upload/2/211811741_372b6/twitter.png     ok 
http://cms.launcher.cmcm.com/resources/upload/2/211811741_372b6/cm_security.png     ok 
http://cms.launcher.cmcm.com/resources/upload/2/211811741_372b6/cm_locker.png     ok 
http://cms.launcher.cmcm.com/resources/upload/2/211811741_372b6/snapchat.png     ok 
http://cms.launcher.cmcm.com/resources/upload/2/211811741_372b6/cm_browser.png     ok 
http://cms.launcher.cmcm.com/resources/upload/2/211811741_372b6/calculator.png     ok 
http://cms.launcher.cmcm.com/resources/upload/2/211811741_372b6/googleplus.png     ok 
http://cms.launcher.cmcm.com/resources/upload/2/211811741_372b6/googleplaymusic.png     ok 
http://cms.launcher.cmcm.com/resources/upload/2/211811741_372b6/calendar.png     ok 
http://cms.launcher.cmcm.com/resources/upload/2/211811741_372b6/googleplaygames.png     ok 
http://cms.launcher.cmcm.com/resources/upload/2/211811741_372b6/clock.png     ok 
http://cms.launcher.cmcm.com/resources/upload/2/211811741_372b6/chrome.png     ok 
http://cms.launcher.cmcm.com/resources/upload/2/211811741_372b6/skype.png     ok 
http://cms.launcher.cmcm.com/resources/upload/2/211811741_372b6/instagram.png     ok 
http://cms.launcher.cmcm.com/resources/upload/2/211811741_372b6/gmail.png     ok 
http://cms.launcher.cmcm.com/resources/upload/2/211811741_372b6/gallery.png     ok 
http://cms.launcher.cmcm.com/resources/upload/2/211811741_372b6/cm_club.png     ok 
http://cms.launcher.cmcm.com/resources/upload/2/211811741_372b6/dailytheme.png     ok 
http://cms.launcher.cmcm.com/resources/upload/2/211811741_372b6/kbd_ic_saving.png     ok 
http://cms.launcher.cmcm.com/resources/upload/2/211811741_372b6/market.png     ok 
http://cms.launcher.cmcm.com/resources/upload/2/211811741_372b6/download.png     ok 
http://cms.launcher.cmcm.com/resources/upload/2/211811741_372b6/record.png     ok 
http://cms.launcher.cmcm.com/resources/upload/2/211811741_372b6/app_manager.png     ok 
http://cms.launcher.cmcm.com/resources/upload/2/211811741_372b6/gprs.png     ok 
http://cms.launcher.cmcm.com/resources/upload/2/211811741_372b6/widget_recently.png     ok 
http://cms.launcher.cmcm.com/resources/upload/2/211811741_372b6/message_spirit.png     ok 
http://cms.launcher.cmcm.com/resources/upload/2/211811741_372b6/filemanager.png     ok 
http://cms.launcher.cmcm.com/resources/upload/2/211811741_372b6/flashlight.png     ok 
http://cms.launcher.cmcm.com/resources/upload/2/211811741_372b6/video.png     ok 
http://cms.launcher.cmcm.com/resources/upload/2/211811741_372b6/sort_apps.png     ok 
http://cms.launcher.cmcm.com/resources/upload/2/211811741_372b6/widget_all_apps.png     ok 
http://cms.launcher.cmcm.com/resources/upload/2/211811741_372b6/mask_background_white.png     ok 
http://cms.launcher.cmcm.com/resources/upload/2/211811741_372b6/icon_backgrand.png     ok 
http://cms.launcher.cmcm.com/resources/upload/2/211811741_372b6/mask_backgrand.png     ok 
http://cms.launcher.cmcm.com/resources/upload/2/211811741_372b6/icon_backgrand_2.png     ok 
http://cms.launcher.cmcm.com/resources/upload/2/211811741_372b6/icon_backgrand_3.png     ok 
http://cms.launcher.cmcm.com/resources/upload/2/211811741_372b6/icon_backgrand_4.png     ok 
http://cms.launcher.cmcm.com/resources/upload/2/211811741_372b6/icon_backgrand_5.png     ok 
http://cms.launcher.cmcm.com/resources/upload/2/211811741_372b6/clean_circle_full.png     ok 
http://cms.launcher.cmcm.com/resources/upload/2/211811741_372b6/clean_circle_mid.png     ok 
http://cms.launcher.cmcm.com/resources/upload/2/211811741_372b6/clean_circle_min.png     ok 
http://cms.launcher.cmcm.com/resources/upload/2/211811741_372b6/icon_shade.png     ok 
http://cms.launcher.cmcm.com/resources/upload/2/211811741_372b6/icon_folder.png     ok 
http://cms.launcher.cmcm.com/resources/upload/2/211811741_372b6/alert_clock_widget_water_2.png     ok 
http://cms.launcher.cmcm.com/resources/upload/2/211811741_372b6/alert_clock_widget_water_1.png     ok 
http://cms.launcher.cmcm.com/resources/upload/2/211811741_372b6/alert_clock_widget_water_0.png     ok 
http://cms.launcher.cmcm.com/resources/upload/2/211811741_372b6/weather_icon_sunny.png     ok 
http://cms.launcher.cmcm.com/resources/upload/2/211811741_372b6/weather_icon_cloudless.png     ok 
http://cms.launcher.cmcm.com/resources/upload/2/211811741_372b6/weather_icon_cloudy_night.png     ok 
http://cms.launcher.cmcm.com/resources/upload/2/211811741_372b6/weather_icon_overcast.png     ok 
http://cms.launcher.cmcm.com/resources/upload/2/211811741_372b6/weather_icon_foggy_night.png     ok 
http://cms.launcher.cmcm.com/resources/upload/2/211811741_372b6/weather_icon_cloudy.png     ok 
http://cms.launcher.cmcm.com/resources/upload/2/211811741_372b6/weather_icon_rain.png     ok 
http://cms.launcher.cmcm.com/resources/upload/2/211811741_372b6/weather_icon_thundershower.png     ok 
http://cms.launcher.cmcm.com/resources/upload/2/211811741_372b6/weather_icon_fog.png     ok 
http://cms.launcher.cmcm.com/resources/upload/2/211811741_372b6/weather_icon_sand_storm.png     ok 
http://cms.launcher.cmcm.com/resources/upload/2/211811741_372b6/weather_icon_sleet.png     ok 
http://cms.launcher.cmcm.com/resources/upload/2/211811741_372b6/weather_icon_snow.png     ok 
http://cms.launcher.cmcm.com/resources/upload/2/211811741_372b6/weather_icon_hurricane.png     ok 
http://cms.launcher.cmcm.com/resources/upload/2/211811741_372b6/search_background.png     ok 
http://cms.launcher.cmcm.com/resources/upload/2/211811741_372b6/search_divider_bg.png     ok 
http://cms.launcher.cmcm.com/resources/upload/2/211811741_372b6/search_icon.png     ok 
http://cms.launcher.cmcm.com/resources/upload/2/211811741_372b6/-1.     File does not exist 
