http://cms.launcher.cmcm.com/resources/upload/2/211811820_9f1c7/locker_screen_pic.jpg     ok 
http://cms.launcher.cmcm.com/resources/upload/2/211811820_9f1c7/single_wallpaper_background.jpg     ok 
http://cms.launcher.cmcm.com/resources/upload/2/211811820_9f1c7/ic_launcher.png     ok 
http://cms.launcher.cmcm.com/resources/upload/2/211811820_9f1c7/gp_ic_launcher.png     ok 
http://cms.launcher.cmcm.com/resources/upload/2/211811820_9f1c7/1024x500.jpg     ok 
http://cms.launcher.cmcm.com/resources/upload/2/211811820_9f1c7/launcher_cover2.jpg     ok 
http://cms.launcher.cmcm.com/resources/upload/2/211811820_9f1c7/launcher_preview1.jpg     ok 
http://cms.launcher.cmcm.com/resources/upload/2/211811820_9f1c7/launcher_preview2.jpg     ok 
http://cms.launcher.cmcm.com/resources/upload/2/211811820_9f1c7/launcher_preview3.jpg     ok 
http://cms.launcher.cmcm.com/resources/upload/2/211811820_9f1c7/gp_preview1.jpg     ok 
http://cms.launcher.cmcm.com/resources/upload/2/211811820_9f1c7/gp_preview2.jpg     ok 
http://cms.launcher.cmcm.com/resources/upload/2/211811820_9f1c7/gp_preview3.jpg     ok 
http://cms.launcher.cmcm.com/resources/upload/2/211811820_9f1c7/auto_1024x500.jpg     ok 
http://cms.launcher.cmcm.com/resources/upload/2/211811820_9f1c7/auto_1000x500.jpg     ok 
http://cms.launcher.cmcm.com/resources/upload/2/211811820_9f1c7/auto_720x352.jpg     ok 
http://cms.launcher.cmcm.com/resources/upload/2/211811820_9f1c7/auto_720x268.jpg     ok 
http://cms.launcher.cmcm.com/resources/upload/2/211811820_9f1c7/auto_180x120.jpg     ok 
http://cms.launcher.cmcm.com/resources/upload/2/211811820_9f1c7/auto_launcher_cover.jpg     ok 
http://cms.launcher.cmcm.com/resources/upload/2/211811820_9f1c7/auto_launcher_cover2.jpg     ok 
http://cms.launcher.cmcm.com/resources/upload/2/211811820_9f1c7/auto_gp_ic_launcher.png     ok 
http://cms.launcher.cmcm.com/resources/upload/2/211811820_9f1c7/auto_ic_launcher.png     ok 
http://cms.launcher.cmcm.com/resources/upload/2/211811820_9f1c7/gp_new_preview1.jpg     ok 
http://cms.launcher.cmcm.com/resources/upload/2/211811820_9f1c7/gp_new_preview2.jpg     ok 
http://cms.launcher.cmcm.com/resources/upload/2/211811820_9f1c7/gp_new_preview3.jpg     ok 
http://cms.launcher.cmcm.com/resources/upload/2/211811820_9f1c7/gp_new_preview4.jpg     ok 
http://cms.launcher.cmcm.com/resources/apk/release/launcher_theme_211811820_release.apk     ok 
